#
# There is insufficient memory for the Java Runtime Environment to continue.
# Native memory allocation (malloc) failed to allocate 1124496 bytes for Chunk::new
# Possible reasons:
#   The system is out of physical RAM or swap space
#   The process is running with CompressedOops enabled, and the Java Heap may be blocking the growth of the native heap
# Possible solutions:
#   Reduce memory load on the system
#   Increase physical memory or swap space
#   Check if swap backing store is full
#   Decrease Java heap size (-Xmx/-Xms)
#   Decrease number of Java threads
#   Decrease Java thread stack sizes (-Xss)
#   Set larger code cache with -XX:ReservedCodeCacheSize=
#   JVM is running with Zero Based Compressed Oops mode in which the Java heap is
#     placed in the first 32GB address space. The Java Heap base address is the
#     maximum limit for the native heap growth. Please use -XX:HeapBaseMinAddress
#     to set the Java Heap base and to place the Java Heap above 32GB virtual address.
# This output file may be truncated or incomplete.
#
#  Out of Memory Error (./src/hotspot/share/memory/arena.cpp:197), pid=79832, tid=77332
#
# JRE version: OpenJDK Runtime Environment Microsoft-7208460 (11.0.18+10) (build 11.0.18+10-LTS)
# Java VM: OpenJDK 64-Bit Server VM Microsoft-7208460 (11.0.18+10-LTS, mixed mode, tiered, compressed oops, g1 gc, windows-amd64)
# No core dump will be written. Minidumps are not enabled by default on client versions of Windows
#

---------------  S U M M A R Y ------------

Command Line: org.jetbrains.kotlin.cli.jvm.K2JVMCompiler @D:\react-native-projects\navigation\node_modules\react-native-gesture-handler\android\build\20230630_6866616173837620968.compiler.options

Host: AMD Ryzen 5 PRO 2400GE w/ Radeon Vega Graphics , 8 cores, 13G,  Windows 10 , 64 bit Build 19041 (10.0.19041.1889)
Time: Fri Jun 30 21:40:37 2023  Windows 10 , 64 bit Build 19041 (10.0.19041.1889) elapsed time: 57.689871 seconds (0d 0h 0m 57s)

---------------  T H R E A D  ---------------

Current thread (0x000001164cff7000):  JavaThread "C2 CompilerThread0" daemon [_thread_in_native, id=77332, stack(0x0000000602800000,0x0000000602900000)]


Current CompileTask:
C2:  57689 12555       4       org.jetbrains.kotlin.types.AbstractNullabilityChecker::hasNotNullSupertype (468 bytes)

Stack: [0x0000000602800000,0x0000000602900000]
Native frames: (J=compiled Java code, j=interpreted, Vv=VM code, C=native code)
V  [jvm.dll+0x62bf8a]
V  [jvm.dll+0x7b8fb9]
V  [jvm.dll+0x7ba6a8]
V  [jvm.dll+0x7bad83]
V  [jvm.dll+0x250248]
V  [jvm.dll+0xc260c]
V  [jvm.dll+0xc2bcc]
V  [jvm.dll+0x35e1c7]
V  [jvm.dll+0x32a373]
V  [jvm.dll+0x3296aa]
V  [jvm.dll+0x2093b3]
V  [jvm.dll+0x20850d]
V  [jvm.dll+0x18a4b1]
V  [jvm.dll+0x217eec]
V  [jvm.dll+0x21612b]
V  [jvm.dll+0x77bac0]
V  [jvm.dll+0x7749f4]
V  [jvm.dll+0x62adf5]
C  [ucrtbase.dll+0x21bb2]
C  [KERNEL32.DLL+0x17034]
C  [ntdll.dll+0x526a1]


---------------  P R O C E S S  ---------------

Threads class SMR info:
_java_thread_list=0x000001164e9bf360, length=10, elements={
0x0000011629c60800, 0x000001164cf8c000, 0x000001164cf8d000, 0x000001164cfed000,
0x000001164cfee800, 0x000001164cff2000, 0x000001164cff7000, 0x000001164d05e800,
0x000001164d061800, 0x000001164d168800
}

Java Threads: ( => current thread )
  0x0000011629c60800 JavaThread "main" [_thread_in_Java, id=70728, stack(0x0000000601c00000,0x0000000601d00000)]
  0x000001164cf8c000 JavaThread "Reference Handler" daemon [_thread_blocked, id=79132, stack(0x0000000602300000,0x0000000602400000)]
  0x000001164cf8d000 JavaThread "Finalizer" daemon [_thread_blocked, id=69560, stack(0x0000000602400000,0x0000000602500000)]
  0x000001164cfed000 JavaThread "Signal Dispatcher" daemon [_thread_blocked, id=77528, stack(0x0000000602500000,0x0000000602600000)]
  0x000001164cfee800 JavaThread "Attach Listener" daemon [_thread_blocked, id=77896, stack(0x0000000602600000,0x0000000602700000)]
  0x000001164cff2000 JavaThread "Service Thread" daemon [_thread_blocked, id=65672, stack(0x0000000602700000,0x0000000602800000)]
=>0x000001164cff7000 JavaThread "C2 CompilerThread0" daemon [_thread_in_native, id=77332, stack(0x0000000602800000,0x0000000602900000)]
  0x000001164d05e800 JavaThread "C1 CompilerThread0" daemon [_thread_blocked, id=69960, stack(0x0000000602900000,0x0000000602a00000)]
  0x000001164d061800 JavaThread "Sweeper thread" daemon [_thread_blocked, id=79852, stack(0x0000000602a00000,0x0000000602b00000)]
  0x000001164d168800 JavaThread "Common-Cleaner" daemon [_thread_blocked, id=80084, stack(0x0000000602c00000,0x0000000602d00000)]

Other Threads:
  0x000001164cf68800 VMThread "VM Thread" [stack: 0x0000000602200000,0x0000000602300000] [id=73052]
  0x000001164d15a800 WatcherThread [stack: 0x0000000602b00000,0x0000000602c00000] [id=79688]
  0x0000011629c77000 GCTaskThread "GC Thread#0" [stack: 0x0000000601d00000,0x0000000601e00000] [id=80160]
  0x000001164d7ad000 GCTaskThread "GC Thread#1" [stack: 0x0000000602d00000,0x0000000602e00000] [id=75520]
  0x000001164d7ab800 GCTaskThread "GC Thread#2" [stack: 0x0000000602e00000,0x0000000602f00000] [id=73036]
  0x000001164d7d2800 GCTaskThread "GC Thread#3" [stack: 0x0000000602f00000,0x0000000603000000] [id=75924]
  0x000001164d7d3800 GCTaskThread "GC Thread#4" [stack: 0x0000000603000000,0x0000000603100000] [id=60820]
  0x0000011629cc9800 ConcurrentGCThread "G1 Main Marker" [stack: 0x0000000601e00000,0x0000000601f00000] [id=69408]
  0x0000011629ccc000 ConcurrentGCThread "G1 Conc#0" [stack: 0x0000000601f00000,0x0000000602000000] [id=79408]
  0x000001164db90000 ConcurrentGCThread "G1 Conc#1" [stack: 0x0000000603100000,0x0000000603200000] [id=68424]
  0x0000011629d3e000 ConcurrentGCThread "G1 Refine#0" [stack: 0x0000000602000000,0x0000000602100000] [id=79808]
  0x000001164e567000 ConcurrentGCThread "G1 Refine#1" [stack: 0x0000000603200000,0x0000000603300000] [id=80992]
  0x000001164f043800 ConcurrentGCThread "G1 Refine#2" [stack: 0x0000000603300000,0x0000000603400000] [id=81860]
  0x000001164c5c8800 ConcurrentGCThread "G1 Young RemSet Sampling" [stack: 0x0000000602100000,0x0000000602200000] [id=79632]

Threads with active compile tasks:
C2 CompilerThread0    57735 12555       4       org.jetbrains.kotlin.types.AbstractNullabilityChecker::hasNotNullSupertype (468 bytes)

VM state:not at safepoint (normal execution)

VM Mutex/Monitor currently owned by a thread: None

Heap address: 0x0000000720c00000, size: 3572 MB, Compressed Oops mode: Zero based, Oop shift amount: 3
Narrow klass base: 0x0000000800000000, Narrow klass shift: 0
Compressed class space size: 1073741824 Address: 0x0000000800000000

Heap:
 garbage-first heap   total 229376K, used 128802K [0x0000000720c00000, 0x0000000800000000)
  region size 1024K, 72 young (73728K), 10 survivors (10240K)
 Metaspace       used 70217K, capacity 71147K, committed 71376K, reserved 1112064K
  class space    used 7688K, capacity 8055K, committed 8188K, reserved 1048576K
Heap Regions: E=young(eden), S=young(survivor), O=old, HS=humongous(starts), HC=humongous(continues), CS=collection set, F=free, A=archive, TAMS=top-at-mark-start (previous, next)
|   0|0x0000000720c00000, 0x0000000720d00000, 0x0000000720d00000|100%|HS|  |TAMS 0x0000000720d00000, 0x0000000720c00000| Complete 
|   1|0x0000000720d00000, 0x0000000720e00000, 0x0000000720e00000|100%|HC|  |TAMS 0x0000000720e00000, 0x0000000720d00000| Complete 
|   2|0x0000000720e00000, 0x0000000720f00000, 0x0000000720f00000|100%|HC|  |TAMS 0x0000000720f00000, 0x0000000720e00000| Complete 
|   3|0x0000000720f00000, 0x0000000721000000, 0x0000000721000000|100%|HS|  |TAMS 0x0000000721000000, 0x0000000720f00000| Complete 
|   4|0x0000000721000000, 0x0000000721100000, 0x0000000721100000|100%|HC|  |TAMS 0x0000000721100000, 0x0000000721000000| Complete 
|   5|0x0000000721100000, 0x0000000721200000, 0x0000000721200000|100%|HC|  |TAMS 0x0000000721200000, 0x0000000721100000| Complete 
|   6|0x0000000721200000, 0x0000000721300000, 0x0000000721300000|100%|HS|  |TAMS 0x0000000721300000, 0x0000000721200000| Complete 
|   7|0x0000000721300000, 0x0000000721400000, 0x0000000721400000|100%|HC|  |TAMS 0x0000000721400000, 0x0000000721300000| Complete 
|   8|0x0000000721400000, 0x0000000721500000, 0x0000000721500000|100%| O|  |TAMS 0x0000000721500000, 0x0000000721400000| Untracked 
|   9|0x0000000721500000, 0x0000000721600000, 0x0000000721600000|100%| O|  |TAMS 0x0000000721600000, 0x0000000721500000| Untracked 
|  10|0x0000000721600000, 0x0000000721700000, 0x0000000721700000|100%| O|  |TAMS 0x0000000721700000, 0x0000000721600000| Untracked 
|  11|0x0000000721700000, 0x0000000721800000, 0x0000000721800000|100%| O|  |TAMS 0x0000000721800000, 0x0000000721700000| Untracked 
|  12|0x0000000721800000, 0x0000000721900000, 0x0000000721900000|100%| O|  |TAMS 0x0000000721900000, 0x0000000721800000| Untracked 
|  13|0x0000000721900000, 0x0000000721a00000, 0x0000000721a00000|100%| O|  |TAMS 0x0000000721a00000, 0x0000000721900000| Untracked 
|  14|0x0000000721a00000, 0x0000000721b00000, 0x0000000721b00000|100%| O|  |TAMS 0x0000000721b00000, 0x0000000721a00000| Untracked 
|  15|0x0000000721b00000, 0x0000000721c00000, 0x0000000721c00000|100%| O|  |TAMS 0x0000000721c00000, 0x0000000721b00000| Untracked 
|  16|0x0000000721c00000, 0x0000000721d00000, 0x0000000721d00000|100%| O|  |TAMS 0x0000000721d00000, 0x0000000721c00000| Untracked 
|  17|0x0000000721d00000, 0x0000000721e00000, 0x0000000721e00000|100%| O|  |TAMS 0x0000000721e00000, 0x0000000721d00000| Untracked 
|  18|0x0000000721e00000, 0x0000000721f00000, 0x0000000721f00000|100%| O|  |TAMS 0x0000000721f00000, 0x0000000721e00000| Untracked 
|  19|0x0000000721f00000, 0x0000000722000000, 0x0000000722000000|100%| O|  |TAMS 0x0000000722000000, 0x0000000721f00000| Untracked 
|  20|0x0000000722000000, 0x0000000722100000, 0x0000000722100000|100%| O|  |TAMS 0x0000000722100000, 0x0000000722000000| Untracked 
|  21|0x0000000722100000, 0x0000000722200000, 0x0000000722200000|100%| O|  |TAMS 0x0000000722200000, 0x0000000722100000| Untracked 
|  22|0x0000000722200000, 0x0000000722300000, 0x0000000722300000|100%| O|  |TAMS 0x0000000722300000, 0x0000000722200000| Untracked 
|  23|0x0000000722300000, 0x0000000722400000, 0x0000000722400000|100%| O|  |TAMS 0x0000000722400000, 0x0000000722300000| Untracked 
|  24|0x0000000722400000, 0x0000000722500000, 0x0000000722500000|100%| O|  |TAMS 0x0000000722500000, 0x0000000722400000| Untracked 
|  25|0x0000000722500000, 0x0000000722600000, 0x0000000722600000|100%| O|  |TAMS 0x0000000722600000, 0x0000000722500000| Untracked 
|  26|0x0000000722600000, 0x0000000722700000, 0x0000000722700000|100%| O|  |TAMS 0x0000000722700000, 0x0000000722600000| Untracked 
|  27|0x0000000722700000, 0x0000000722800000, 0x0000000722800000|100%| O|  |TAMS 0x0000000722800000, 0x0000000722700000| Untracked 
|  28|0x0000000722800000, 0x0000000722900000, 0x0000000722900000|100%| O|  |TAMS 0x0000000722900000, 0x0000000722800000| Untracked 
|  29|0x0000000722900000, 0x0000000722a00000, 0x0000000722a00000|100%| O|  |TAMS 0x0000000722a00000, 0x0000000722900000| Untracked 
|  30|0x0000000722a00000, 0x0000000722b00000, 0x0000000722b00000|100%| O|  |TAMS 0x0000000722b00000, 0x0000000722a00000| Untracked 
|  31|0x0000000722b00000, 0x0000000722c00000, 0x0000000722c00000|100%| O|  |TAMS 0x0000000722b0b400, 0x0000000722b00000| Untracked 
|  32|0x0000000722c00000, 0x0000000722d00000, 0x0000000722d00000|100%| O|  |TAMS 0x0000000722c00000, 0x0000000722c00000| Untracked 
|  33|0x0000000722d00000, 0x0000000722e00000, 0x0000000722e00000|100%| O|  |TAMS 0x0000000722d00000, 0x0000000722d00000| Untracked 
|  34|0x0000000722e00000, 0x0000000722f00000, 0x0000000722f00000|100%| O|  |TAMS 0x0000000722e00000, 0x0000000722e00000| Untracked 
|  35|0x0000000722f00000, 0x0000000723000000, 0x0000000723000000|100%| O|  |TAMS 0x0000000722f00000, 0x0000000722f00000| Untracked 
|  36|0x0000000723000000, 0x0000000723100000, 0x0000000723100000|100%| O|  |TAMS 0x0000000723000000, 0x0000000723000000| Untracked 
|  37|0x0000000723100000, 0x0000000723200000, 0x0000000723200000|100%| O|  |TAMS 0x0000000723100000, 0x0000000723100000| Untracked 
|  38|0x0000000723200000, 0x0000000723300000, 0x0000000723300000|100%| O|  |TAMS 0x0000000723200000, 0x0000000723200000| Untracked 
|  39|0x0000000723300000, 0x0000000723400000, 0x0000000723400000|100%| O|  |TAMS 0x0000000723300000, 0x0000000723300000| Untracked 
|  40|0x0000000723400000, 0x0000000723500000, 0x0000000723500000|100%|HS|  |TAMS 0x0000000723400000, 0x0000000723400000| Complete 
|  41|0x0000000723500000, 0x0000000723600000, 0x0000000723600000|100%|HC|  |TAMS 0x0000000723500000, 0x0000000723500000| Complete 
|  42|0x0000000723600000, 0x0000000723600000, 0x0000000723700000|  0%| F|  |TAMS 0x0000000723600000, 0x0000000723600000| Untracked 
|  43|0x0000000723700000, 0x0000000723800000, 0x0000000723800000|100%| O|  |TAMS 0x0000000723700000, 0x0000000723700000| Untracked 
|  44|0x0000000723800000, 0x0000000723900000, 0x0000000723900000|100%| O|  |TAMS 0x0000000723800000, 0x0000000723800000| Untracked 
|  45|0x0000000723900000, 0x0000000723a00000, 0x0000000723a00000|100%| O|  |TAMS 0x0000000723900000, 0x0000000723900000| Untracked 
|  46|0x0000000723a00000, 0x0000000723b00000, 0x0000000723b00000|100%| O|  |TAMS 0x0000000723a00000, 0x0000000723a00000| Untracked 
|  47|0x0000000723b00000, 0x0000000723c00000, 0x0000000723c00000|100%| O|  |TAMS 0x0000000723b00000, 0x0000000723b00000| Untracked 
|  48|0x0000000723c00000, 0x0000000723d00000, 0x0000000723d00000|100%| O|  |TAMS 0x0000000723c00000, 0x0000000723c00000| Untracked 
|  49|0x0000000723d00000, 0x0000000723e00000, 0x0000000723e00000|100%| O|  |TAMS 0x0000000723d00000, 0x0000000723d00000| Untracked 
|  50|0x0000000723e00000, 0x0000000723f00000, 0x0000000723f00000|100%| O|  |TAMS 0x0000000723e00000, 0x0000000723e00000| Untracked 
|  51|0x0000000723f00000, 0x0000000724000000, 0x0000000724000000|100%| O|  |TAMS 0x0000000723f00000, 0x0000000723f00000| Untracked 
|  52|0x0000000724000000, 0x0000000724100000, 0x0000000724100000|100%| O|  |TAMS 0x0000000724000000, 0x0000000724000000| Untracked 
|  53|0x0000000724100000, 0x0000000724200000, 0x0000000724200000|100%| O|  |TAMS 0x0000000724100000, 0x0000000724100000| Untracked 
|  54|0x0000000724200000, 0x0000000724300000, 0x0000000724300000|100%| O|  |TAMS 0x0000000724200000, 0x0000000724200000| Untracked 
|  55|0x0000000724300000, 0x0000000724400000, 0x0000000724400000|100%| O|  |TAMS 0x0000000724300000, 0x0000000724300000| Untracked 
|  56|0x0000000724400000, 0x0000000724451e00, 0x0000000724500000| 31%| O|  |TAMS 0x0000000724400000, 0x0000000724400000| Untracked 
|  57|0x0000000724500000, 0x0000000724500000, 0x0000000724600000|  0%| F|  |TAMS 0x0000000724500000, 0x0000000724500000| Untracked 
|  58|0x0000000724600000, 0x0000000724600000, 0x0000000724700000|  0%| F|  |TAMS 0x0000000724600000, 0x0000000724600000| Untracked 
|  59|0x0000000724700000, 0x0000000724700000, 0x0000000724800000|  0%| F|  |TAMS 0x0000000724700000, 0x0000000724700000| Untracked 
|  60|0x0000000724800000, 0x0000000724800000, 0x0000000724900000|  0%| F|  |TAMS 0x0000000724800000, 0x0000000724800000| Untracked 
|  61|0x0000000724900000, 0x0000000724900000, 0x0000000724a00000|  0%| F|  |TAMS 0x0000000724900000, 0x0000000724900000| Untracked 
|  62|0x0000000724a00000, 0x0000000724a00000, 0x0000000724b00000|  0%| F|  |TAMS 0x0000000724a00000, 0x0000000724a00000| Untracked 
|  63|0x0000000724b00000, 0x0000000724b00000, 0x0000000724c00000|  0%| F|  |TAMS 0x0000000724b00000, 0x0000000724b00000| Untracked 
|  64|0x0000000724c00000, 0x0000000724c00000, 0x0000000724d00000|  0%| F|  |TAMS 0x0000000724c00000, 0x0000000724c00000| Untracked 
|  65|0x0000000724d00000, 0x0000000724d00000, 0x0000000724e00000|  0%| F|  |TAMS 0x0000000724d00000, 0x0000000724d00000| Untracked 
|  66|0x0000000724e00000, 0x0000000724e00000, 0x0000000724f00000|  0%| F|  |TAMS 0x0000000724e00000, 0x0000000724e00000| Untracked 
|  67|0x0000000724f00000, 0x0000000724f00000, 0x0000000725000000|  0%| F|  |TAMS 0x0000000724f00000, 0x0000000724f00000| Untracked 
|  68|0x0000000725000000, 0x0000000725000000, 0x0000000725100000|  0%| F|  |TAMS 0x0000000725000000, 0x0000000725000000| Untracked 
|  69|0x0000000725100000, 0x0000000725100000, 0x0000000725200000|  0%| F|  |TAMS 0x0000000725100000, 0x0000000725100000| Untracked 
|  70|0x0000000725200000, 0x0000000725200000, 0x0000000725300000|  0%| F|  |TAMS 0x0000000725200000, 0x0000000725200000| Untracked 
|  71|0x0000000725300000, 0x0000000725300000, 0x0000000725400000|  0%| F|  |TAMS 0x0000000725300000, 0x0000000725300000| Untracked 
|  72|0x0000000725400000, 0x0000000725400000, 0x0000000725500000|  0%| F|  |TAMS 0x0000000725400000, 0x0000000725400000| Untracked 
|  73|0x0000000725500000, 0x0000000725500000, 0x0000000725600000|  0%| F|  |TAMS 0x0000000725500000, 0x0000000725500000| Untracked 
|  74|0x0000000725600000, 0x0000000725600000, 0x0000000725700000|  0%| F|  |TAMS 0x0000000725600000, 0x0000000725600000| Untracked 
|  75|0x0000000725700000, 0x0000000725700000, 0x0000000725800000|  0%| F|  |TAMS 0x0000000725700000, 0x0000000725700000| Untracked 
|  76|0x0000000725800000, 0x0000000725800000, 0x0000000725900000|  0%| F|  |TAMS 0x0000000725800000, 0x0000000725800000| Untracked 
|  77|0x0000000725900000, 0x0000000725900000, 0x0000000725a00000|  0%| F|  |TAMS 0x0000000725900000, 0x0000000725900000| Untracked 
|  78|0x0000000725a00000, 0x0000000725a00000, 0x0000000725b00000|  0%| F|  |TAMS 0x0000000725a00000, 0x0000000725a00000| Untracked 
|  79|0x0000000725b00000, 0x0000000725b00000, 0x0000000725c00000|  0%| F|  |TAMS 0x0000000725b00000, 0x0000000725b00000| Untracked 
|  80|0x0000000725c00000, 0x0000000725c00000, 0x0000000725d00000|  0%| F|  |TAMS 0x0000000725c00000, 0x0000000725c00000| Untracked 
|  81|0x0000000725d00000, 0x0000000725d00000, 0x0000000725e00000|  0%| F|  |TAMS 0x0000000725d00000, 0x0000000725d00000| Untracked 
|  82|0x0000000725e00000, 0x0000000725e00000, 0x0000000725f00000|  0%| F|  |TAMS 0x0000000725e00000, 0x0000000725e00000| Untracked 
|  83|0x0000000725f00000, 0x0000000725f00000, 0x0000000726000000|  0%| F|  |TAMS 0x0000000725f00000, 0x0000000725f00000| Untracked 
|  84|0x0000000726000000, 0x0000000726000000, 0x0000000726100000|  0%| F|  |TAMS 0x0000000726000000, 0x0000000726000000| Untracked 
|  85|0x0000000726100000, 0x0000000726100000, 0x0000000726200000|  0%| F|  |TAMS 0x0000000726100000, 0x0000000726100000| Untracked 
|  86|0x0000000726200000, 0x0000000726200000, 0x0000000726300000|  0%| F|  |TAMS 0x0000000726200000, 0x0000000726200000| Untracked 
|  87|0x0000000726300000, 0x0000000726300000, 0x0000000726400000|  0%| F|  |TAMS 0x0000000726300000, 0x0000000726300000| Untracked 
|  88|0x0000000726400000, 0x0000000726400000, 0x0000000726500000|  0%| F|  |TAMS 0x0000000726400000, 0x0000000726400000| Untracked 
|  89|0x0000000726500000, 0x0000000726500000, 0x0000000726600000|  0%| F|  |TAMS 0x0000000726500000, 0x0000000726500000| Untracked 
|  90|0x0000000726600000, 0x0000000726600000, 0x0000000726700000|  0%| F|  |TAMS 0x0000000726600000, 0x0000000726600000| Untracked 
|  91|0x0000000726700000, 0x0000000726700000, 0x0000000726800000|  0%| F|  |TAMS 0x0000000726700000, 0x0000000726700000| Untracked 
|  92|0x0000000726800000, 0x0000000726800000, 0x0000000726900000|  0%| F|  |TAMS 0x0000000726800000, 0x0000000726800000| Untracked 
|  93|0x0000000726900000, 0x0000000726900000, 0x0000000726a00000|  0%| F|  |TAMS 0x0000000726900000, 0x0000000726900000| Untracked 
|  94|0x0000000726a00000, 0x0000000726a00000, 0x0000000726b00000|  0%| F|  |TAMS 0x0000000726a00000, 0x0000000726a00000| Untracked 
|  95|0x0000000726b00000, 0x0000000726b00000, 0x0000000726c00000|  0%| F|  |TAMS 0x0000000726b00000, 0x0000000726b00000| Untracked 
|  96|0x0000000726c00000, 0x0000000726c00000, 0x0000000726d00000|  0%| F|  |TAMS 0x0000000726c00000, 0x0000000726c00000| Untracked 
|  97|0x0000000726d00000, 0x0000000726d00000, 0x0000000726e00000|  0%| F|  |TAMS 0x0000000726d00000, 0x0000000726d00000| Untracked 
|  98|0x0000000726e00000, 0x0000000726e00000, 0x0000000726f00000|  0%| F|  |TAMS 0x0000000726e00000, 0x0000000726e00000| Untracked 
|  99|0x0000000726f00000, 0x0000000726f00000, 0x0000000727000000|  0%| F|  |TAMS 0x0000000726f00000, 0x0000000726f00000| Untracked 
| 100|0x0000000727000000, 0x0000000727000000, 0x0000000727100000|  0%| F|  |TAMS 0x0000000727000000, 0x0000000727000000| Untracked 
| 101|0x0000000727100000, 0x0000000727100000, 0x0000000727200000|  0%| F|  |TAMS 0x0000000727100000, 0x0000000727100000| Untracked 
| 102|0x0000000727200000, 0x0000000727200000, 0x0000000727300000|  0%| F|  |TAMS 0x0000000727200000, 0x0000000727200000| Untracked 
| 103|0x0000000727300000, 0x0000000727300000, 0x0000000727400000|  0%| F|  |TAMS 0x0000000727300000, 0x0000000727300000| Untracked 
| 104|0x0000000727400000, 0x0000000727400000, 0x0000000727500000|  0%| F|  |TAMS 0x0000000727400000, 0x0000000727400000| Untracked 
| 105|0x0000000727500000, 0x0000000727500000, 0x0000000727600000|  0%| F|  |TAMS 0x0000000727500000, 0x0000000727500000| Untracked 
| 106|0x0000000727600000, 0x0000000727600000, 0x0000000727700000|  0%| F|  |TAMS 0x0000000727600000, 0x0000000727600000| Untracked 
| 107|0x0000000727700000, 0x0000000727700000, 0x0000000727800000|  0%| F|  |TAMS 0x0000000727700000, 0x0000000727700000| Untracked 
| 108|0x0000000727800000, 0x0000000727800000, 0x0000000727900000|  0%| F|  |TAMS 0x0000000727800000, 0x0000000727800000| Untracked 
| 109|0x0000000727900000, 0x0000000727900000, 0x0000000727a00000|  0%| F|  |TAMS 0x0000000727900000, 0x0000000727900000| Untracked 
| 110|0x0000000727a00000, 0x0000000727a00000, 0x0000000727b00000|  0%| F|  |TAMS 0x0000000727a00000, 0x0000000727a00000| Untracked 
| 111|0x0000000727b00000, 0x0000000727b00000, 0x0000000727c00000|  0%| F|  |TAMS 0x0000000727b00000, 0x0000000727b00000| Untracked 
| 112|0x0000000727c00000, 0x0000000727c76a48, 0x0000000727d00000| 46%| S|CS|TAMS 0x0000000727c00000, 0x0000000727c00000| Complete 
| 113|0x0000000727d00000, 0x0000000727e00000, 0x0000000727e00000|100%| S|CS|TAMS 0x0000000727d00000, 0x0000000727d00000| Complete 
| 114|0x0000000727e00000, 0x0000000727e00000, 0x0000000727f00000|  0%| F|  |TAMS 0x0000000727e00000, 0x0000000727e00000| Untracked 
| 115|0x0000000727f00000, 0x0000000727f00000, 0x0000000728000000|  0%| F|  |TAMS 0x0000000727f00000, 0x0000000727f00000| Untracked 
| 116|0x0000000728000000, 0x0000000728000000, 0x0000000728100000|  0%| F|  |TAMS 0x0000000728000000, 0x0000000728000000| Untracked 
| 117|0x0000000728100000, 0x0000000728100000, 0x0000000728200000|  0%| F|  |TAMS 0x0000000728100000, 0x0000000728100000| Untracked 
| 118|0x0000000728200000, 0x0000000728200000, 0x0000000728300000|  0%| F|  |TAMS 0x0000000728200000, 0x0000000728200000| Untracked 
| 119|0x0000000728300000, 0x0000000728300000, 0x0000000728400000|  0%| F|  |TAMS 0x0000000728300000, 0x0000000728300000| Untracked 
| 120|0x0000000728400000, 0x0000000728400000, 0x0000000728500000|  0%| F|  |TAMS 0x0000000728400000, 0x0000000728400000| Untracked 
| 121|0x0000000728500000, 0x0000000728500000, 0x0000000728600000|  0%| F|  |TAMS 0x0000000728500000, 0x0000000728500000| Untracked 
| 122|0x0000000728600000, 0x0000000728600000, 0x0000000728700000|  0%| F|  |TAMS 0x0000000728600000, 0x0000000728600000| Untracked 
| 123|0x0000000728700000, 0x0000000728700000, 0x0000000728800000|  0%| F|  |TAMS 0x0000000728700000, 0x0000000728700000| Untracked 
| 124|0x0000000728800000, 0x0000000728800000, 0x0000000728900000|  0%| F|  |TAMS 0x0000000728800000, 0x0000000728800000| Untracked 
| 125|0x0000000728900000, 0x0000000728900000, 0x0000000728a00000|  0%| F|  |TAMS 0x0000000728900000, 0x0000000728900000| Untracked 
| 126|0x0000000728a00000, 0x0000000728a00000, 0x0000000728b00000|  0%| F|  |TAMS 0x0000000728a00000, 0x0000000728a00000| Untracked 
| 127|0x0000000728b00000, 0x0000000728c00000, 0x0000000728c00000|100%| S|CS|TAMS 0x0000000728b00000, 0x0000000728b00000| Complete 
| 128|0x0000000728c00000, 0x0000000728d00000, 0x0000000728d00000|100%| S|CS|TAMS 0x0000000728c00000, 0x0000000728c00000| Complete 
| 129|0x0000000728d00000, 0x0000000728e00000, 0x0000000728e00000|100%| S|CS|TAMS 0x0000000728d00000, 0x0000000728d00000| Complete 
| 130|0x0000000728e00000, 0x0000000728f00000, 0x0000000728f00000|100%| S|CS|TAMS 0x0000000728e00000, 0x0000000728e00000| Complete 
| 131|0x0000000728f00000, 0x0000000729000000, 0x0000000729000000|100%| S|CS|TAMS 0x0000000728f00000, 0x0000000728f00000| Complete 
| 132|0x0000000729000000, 0x0000000729100000, 0x0000000729100000|100%| S|CS|TAMS 0x0000000729000000, 0x0000000729000000| Complete 
| 133|0x0000000729100000, 0x0000000729200000, 0x0000000729200000|100%| S|CS|TAMS 0x0000000729100000, 0x0000000729100000| Complete 
| 134|0x0000000729200000, 0x0000000729300000, 0x0000000729300000|100%| S|CS|TAMS 0x0000000729200000, 0x0000000729200000| Complete 
| 135|0x0000000729300000, 0x0000000729300000, 0x0000000729400000|  0%| F|  |TAMS 0x0000000729300000, 0x0000000729300000| Untracked 
| 136|0x0000000729400000, 0x0000000729400000, 0x0000000729500000|  0%| F|  |TAMS 0x0000000729400000, 0x0000000729400000| Untracked 
| 137|0x0000000729500000, 0x0000000729500000, 0x0000000729600000|  0%| F|  |TAMS 0x0000000729500000, 0x0000000729500000| Untracked 
| 138|0x0000000729600000, 0x0000000729600000, 0x0000000729700000|  0%| F|  |TAMS 0x0000000729600000, 0x0000000729600000| Untracked 
| 139|0x0000000729700000, 0x0000000729700000, 0x0000000729800000|  0%| F|  |TAMS 0x0000000729700000, 0x0000000729700000| Untracked 
| 140|0x0000000729800000, 0x0000000729800000, 0x0000000729900000|  0%| F|  |TAMS 0x0000000729800000, 0x0000000729800000| Untracked 
| 141|0x0000000729900000, 0x0000000729900000, 0x0000000729a00000|  0%| F|  |TAMS 0x0000000729900000, 0x0000000729900000| Untracked 
| 142|0x0000000729a00000, 0x0000000729a00000, 0x0000000729b00000|  0%| F|  |TAMS 0x0000000729a00000, 0x0000000729a00000| Untracked 
| 143|0x0000000729b00000, 0x0000000729b00000, 0x0000000729c00000|  0%| F|  |TAMS 0x0000000729b00000, 0x0000000729b00000| Untracked 
| 144|0x0000000729c00000, 0x0000000729c00000, 0x0000000729d00000|  0%| F|  |TAMS 0x0000000729c00000, 0x0000000729c00000| Untracked 
| 145|0x0000000729d00000, 0x0000000729d00000, 0x0000000729e00000|  0%| F|  |TAMS 0x0000000729d00000, 0x0000000729d00000| Untracked 
| 146|0x0000000729e00000, 0x0000000729e00000, 0x0000000729f00000|  0%| F|  |TAMS 0x0000000729e00000, 0x0000000729e00000| Untracked 
| 147|0x0000000729f00000, 0x0000000729f00000, 0x000000072a000000|  0%| F|  |TAMS 0x0000000729f00000, 0x0000000729f00000| Untracked 
| 148|0x000000072a000000, 0x000000072a000000, 0x000000072a100000|  0%| F|  |TAMS 0x000000072a000000, 0x000000072a000000| Untracked 
| 149|0x000000072a100000, 0x000000072a100000, 0x000000072a200000|  0%| F|  |TAMS 0x000000072a100000, 0x000000072a100000| Untracked 
| 150|0x000000072a200000, 0x000000072a200000, 0x000000072a300000|  0%| F|  |TAMS 0x000000072a200000, 0x000000072a200000| Untracked 
| 151|0x000000072a300000, 0x000000072a300000, 0x000000072a400000|  0%| F|  |TAMS 0x000000072a300000, 0x000000072a300000| Untracked 
| 152|0x000000072a400000, 0x000000072a400000, 0x000000072a500000|  0%| F|  |TAMS 0x000000072a400000, 0x000000072a400000| Untracked 
| 153|0x000000072a500000, 0x000000072a500000, 0x000000072a600000|  0%| F|  |TAMS 0x000000072a500000, 0x000000072a500000| Untracked 
| 154|0x000000072a600000, 0x000000072a600000, 0x000000072a700000|  0%| F|  |TAMS 0x000000072a600000, 0x000000072a600000| Untracked 
| 155|0x000000072a700000, 0x000000072a700000, 0x000000072a800000|  0%| F|  |TAMS 0x000000072a700000, 0x000000072a700000| Untracked 
| 156|0x000000072a800000, 0x000000072a800000, 0x000000072a900000|  0%| F|  |TAMS 0x000000072a800000, 0x000000072a800000| Untracked 
| 157|0x000000072a900000, 0x000000072a900000, 0x000000072aa00000|  0%| F|  |TAMS 0x000000072a900000, 0x000000072a900000| Untracked 
| 158|0x000000072aa00000, 0x000000072aa00000, 0x000000072ab00000|  0%| F|  |TAMS 0x000000072aa00000, 0x000000072aa00000| Untracked 
| 159|0x000000072ab00000, 0x000000072ab00000, 0x000000072ac00000|  0%| F|  |TAMS 0x000000072ab00000, 0x000000072ab00000| Untracked 
| 160|0x000000072ac00000, 0x000000072ac00000, 0x000000072ad00000|  0%| F|  |TAMS 0x000000072ac00000, 0x000000072ac00000| Untracked 
| 161|0x000000072ad00000, 0x000000072ad00000, 0x000000072ae00000|  0%| F|  |TAMS 0x000000072ad00000, 0x000000072ad00000| Untracked 
| 162|0x000000072ae00000, 0x000000072ae80800, 0x000000072af00000| 50%| E|  |TAMS 0x000000072ae00000, 0x000000072ae00000| Complete 
| 163|0x000000072af00000, 0x000000072b000000, 0x000000072b000000|100%| E|CS|TAMS 0x000000072af00000, 0x000000072af00000| Complete 
| 164|0x000000072b000000, 0x000000072b100000, 0x000000072b100000|100%| E|CS|TAMS 0x000000072b000000, 0x000000072b000000| Complete 
| 165|0x000000072b100000, 0x000000072b200000, 0x000000072b200000|100%| E|CS|TAMS 0x000000072b100000, 0x000000072b100000| Complete 
| 166|0x000000072b200000, 0x000000072b300000, 0x000000072b300000|100%| E|CS|TAMS 0x000000072b200000, 0x000000072b200000| Complete 
| 167|0x000000072b300000, 0x000000072b400000, 0x000000072b400000|100%| E|CS|TAMS 0x000000072b300000, 0x000000072b300000| Complete 
| 168|0x000000072b400000, 0x000000072b500000, 0x000000072b500000|100%| E|CS|TAMS 0x000000072b400000, 0x000000072b400000| Complete 
| 169|0x000000072b500000, 0x000000072b600000, 0x000000072b600000|100%| E|CS|TAMS 0x000000072b500000, 0x000000072b500000| Complete 
| 170|0x000000072b600000, 0x000000072b700000, 0x000000072b700000|100%| E|CS|TAMS 0x000000072b600000, 0x000000072b600000| Complete 
| 171|0x000000072b700000, 0x000000072b800000, 0x000000072b800000|100%| E|CS|TAMS 0x000000072b700000, 0x000000072b700000| Complete 
| 172|0x000000072b800000, 0x000000072b900000, 0x000000072b900000|100%| E|CS|TAMS 0x000000072b800000, 0x000000072b800000| Complete 
| 173|0x000000072b900000, 0x000000072ba00000, 0x000000072ba00000|100%| E|CS|TAMS 0x000000072b900000, 0x000000072b900000| Complete 
| 174|0x000000072ba00000, 0x000000072bb00000, 0x000000072bb00000|100%| E|CS|TAMS 0x000000072ba00000, 0x000000072ba00000| Complete 
| 175|0x000000072bb00000, 0x000000072bc00000, 0x000000072bc00000|100%| E|CS|TAMS 0x000000072bb00000, 0x000000072bb00000| Complete 
| 176|0x000000072bc00000, 0x000000072bd00000, 0x000000072bd00000|100%| E|CS|TAMS 0x000000072bc00000, 0x000000072bc00000| Complete 
| 177|0x000000072bd00000, 0x000000072be00000, 0x000000072be00000|100%| E|CS|TAMS 0x000000072bd00000, 0x000000072bd00000| Complete 
| 178|0x000000072be00000, 0x000000072bf00000, 0x000000072bf00000|100%| E|CS|TAMS 0x000000072be00000, 0x000000072be00000| Complete 
| 179|0x000000072bf00000, 0x000000072c000000, 0x000000072c000000|100%| E|CS|TAMS 0x000000072bf00000, 0x000000072bf00000| Complete 
| 180|0x000000072c000000, 0x000000072c100000, 0x000000072c100000|100%| E|CS|TAMS 0x000000072c000000, 0x000000072c000000| Complete 
| 181|0x000000072c100000, 0x000000072c200000, 0x000000072c200000|100%| E|CS|TAMS 0x000000072c100000, 0x000000072c100000| Complete 
| 182|0x000000072c200000, 0x000000072c300000, 0x000000072c300000|100%| E|CS|TAMS 0x000000072c200000, 0x000000072c200000| Complete 
| 183|0x000000072c300000, 0x000000072c400000, 0x000000072c400000|100%| E|CS|TAMS 0x000000072c300000, 0x000000072c300000| Complete 
| 184|0x000000072c400000, 0x000000072c500000, 0x000000072c500000|100%| E|CS|TAMS 0x000000072c400000, 0x000000072c400000| Complete 
| 185|0x000000072c500000, 0x000000072c600000, 0x000000072c600000|100%| E|CS|TAMS 0x000000072c500000, 0x000000072c500000| Complete 
| 186|0x000000072c600000, 0x000000072c700000, 0x000000072c700000|100%| E|CS|TAMS 0x000000072c600000, 0x000000072c600000| Complete 
| 187|0x000000072c700000, 0x000000072c800000, 0x000000072c800000|100%| E|CS|TAMS 0x000000072c700000, 0x000000072c700000| Complete 
| 188|0x000000072c800000, 0x000000072c900000, 0x000000072c900000|100%| E|CS|TAMS 0x000000072c800000, 0x000000072c800000| Complete 
| 189|0x000000072c900000, 0x000000072ca00000, 0x000000072ca00000|100%| E|CS|TAMS 0x000000072c900000, 0x000000072c900000| Complete 
| 190|0x000000072ca00000, 0x000000072cb00000, 0x000000072cb00000|100%| E|CS|TAMS 0x000000072ca00000, 0x000000072ca00000| Complete 
| 191|0x000000072cb00000, 0x000000072cc00000, 0x000000072cc00000|100%| E|CS|TAMS 0x000000072cb00000, 0x000000072cb00000| Complete 
| 192|0x000000072cc00000, 0x000000072cd00000, 0x000000072cd00000|100%| E|CS|TAMS 0x000000072cc00000, 0x000000072cc00000| Complete 
| 193|0x000000072cd00000, 0x000000072ce00000, 0x000000072ce00000|100%| E|CS|TAMS 0x000000072cd00000, 0x000000072cd00000| Complete 
| 194|0x000000072ce00000, 0x000000072cf00000, 0x000000072cf00000|100%| E|CS|TAMS 0x000000072ce00000, 0x000000072ce00000| Complete 
| 195|0x000000072cf00000, 0x000000072d000000, 0x000000072d000000|100%| E|CS|TAMS 0x000000072cf00000, 0x000000072cf00000| Complete 
| 196|0x000000072d000000, 0x000000072d100000, 0x000000072d100000|100%| E|CS|TAMS 0x000000072d000000, 0x000000072d000000| Complete 
| 197|0x000000072d100000, 0x000000072d200000, 0x000000072d200000|100%| E|CS|TAMS 0x000000072d100000, 0x000000072d100000| Complete 
| 198|0x000000072d200000, 0x000000072d300000, 0x000000072d300000|100%| E|CS|TAMS 0x000000072d200000, 0x000000072d200000| Complete 
| 199|0x000000072d300000, 0x000000072d400000, 0x000000072d400000|100%| E|CS|TAMS 0x000000072d300000, 0x000000072d300000| Complete 
| 200|0x000000072d400000, 0x000000072d500000, 0x000000072d500000|100%| E|CS|TAMS 0x000000072d400000, 0x000000072d400000| Complete 
| 201|0x000000072d500000, 0x000000072d600000, 0x000000072d600000|100%| E|CS|TAMS 0x000000072d500000, 0x000000072d500000| Complete 
| 202|0x000000072d600000, 0x000000072d700000, 0x000000072d700000|100%| E|CS|TAMS 0x000000072d600000, 0x000000072d600000| Complete 
| 203|0x000000072d700000, 0x000000072d800000, 0x000000072d800000|100%| E|CS|TAMS 0x000000072d700000, 0x000000072d700000| Complete 
| 204|0x000000072d800000, 0x000000072d900000, 0x000000072d900000|100%| E|CS|TAMS 0x000000072d800000, 0x000000072d800000| Complete 
| 205|0x000000072d900000, 0x000000072da00000, 0x000000072da00000|100%| E|CS|TAMS 0x000000072d900000, 0x000000072d900000| Complete 
| 206|0x000000072da00000, 0x000000072db00000, 0x000000072db00000|100%| E|CS|TAMS 0x000000072da00000, 0x000000072da00000| Complete 
| 207|0x000000072db00000, 0x000000072dc00000, 0x000000072dc00000|100%| E|CS|TAMS 0x000000072db00000, 0x000000072db00000| Complete 
| 208|0x000000072dc00000, 0x000000072dd00000, 0x000000072dd00000|100%| E|CS|TAMS 0x000000072dc00000, 0x000000072dc00000| Complete 
| 209|0x000000072dd00000, 0x000000072de00000, 0x000000072de00000|100%| E|CS|TAMS 0x000000072dd00000, 0x000000072dd00000| Complete 
| 210|0x000000072de00000, 0x000000072df00000, 0x000000072df00000|100%| E|CS|TAMS 0x000000072de00000, 0x000000072de00000| Complete 
| 211|0x000000072df00000, 0x000000072e000000, 0x000000072e000000|100%| E|CS|TAMS 0x000000072df00000, 0x000000072df00000| Complete 
| 212|0x000000072e000000, 0x000000072e100000, 0x000000072e100000|100%| E|CS|TAMS 0x000000072e000000, 0x000000072e000000| Complete 
| 213|0x000000072e100000, 0x000000072e200000, 0x000000072e200000|100%| E|CS|TAMS 0x000000072e100000, 0x000000072e100000| Complete 
| 214|0x000000072e200000, 0x000000072e300000, 0x000000072e300000|100%| E|CS|TAMS 0x000000072e200000, 0x000000072e200000| Complete 
| 215|0x000000072e300000, 0x000000072e400000, 0x000000072e400000|100%| E|CS|TAMS 0x000000072e300000, 0x000000072e300000| Complete 
| 216|0x000000072e400000, 0x000000072e500000, 0x000000072e500000|100%| E|CS|TAMS 0x000000072e400000, 0x000000072e400000| Complete 
| 217|0x000000072e500000, 0x000000072e600000, 0x000000072e600000|100%| E|CS|TAMS 0x000000072e500000, 0x000000072e500000| Complete 
| 218|0x000000072e600000, 0x000000072e700000, 0x000000072e700000|100%| E|CS|TAMS 0x000000072e600000, 0x000000072e600000| Complete 
| 219|0x000000072e700000, 0x000000072e800000, 0x000000072e800000|100%| E|CS|TAMS 0x000000072e700000, 0x000000072e700000| Complete 
| 220|0x000000072e800000, 0x000000072e900000, 0x000000072e900000|100%| E|CS|TAMS 0x000000072e800000, 0x000000072e800000| Complete 
| 221|0x000000072e900000, 0x000000072ea00000, 0x000000072ea00000|100%| E|CS|TAMS 0x000000072e900000, 0x000000072e900000| Complete 
| 222|0x000000072ea00000, 0x000000072eb00000, 0x000000072eb00000|100%| E|CS|TAMS 0x000000072ea00000, 0x000000072ea00000| Complete 
| 223|0x000000072eb00000, 0x000000072ec00000, 0x000000072ec00000|100%| E|CS|TAMS 0x000000072eb00000, 0x000000072eb00000| Complete 

Card table byte_map: [0x0000011641e20000,0x0000011642520000] _byte_map_base: 0x000001163e51a000

Marking Bits (Prev, Next): (CMBitMap*) 0x0000011629cbab40, (CMBitMap*) 0x0000011629cbab08
 Prev Bits: [0x00000116463f0000, 0x0000011649bc0000)
 Next Bits: [0x0000011642c20000, 0x00000116463f0000)

Polling page: 0x0000011627b50000

Metaspace:

Usage:
  Non-class:     61.61 MB capacity,    61.06 MB (>99%) used,   435.90 KB ( <1%) free+waste,   127.31 KB ( <1%) overhead. 
      Class:      7.87 MB capacity,     7.51 MB ( 95%) used,   311.89 KB (  4%) free+waste,    54.44 KB ( <1%) overhead. 
       Both:     69.48 MB capacity,    68.57 MB ( 99%) used,   747.79 KB (  1%) free+waste,   181.75 KB ( <1%) overhead. 

Virtual space:
  Non-class space:       62.00 MB reserved,      61.71 MB (>99%) committed 
      Class space:        1.00 GB reserved,       8.00 MB ( <1%) committed 
             Both:        1.06 GB reserved,      69.70 MB (  6%) committed 

Chunk freelists:
   Non-Class:  32.00 KB
       Class:  9.00 KB
        Both:  41.00 KB

MaxMetaspaceSize: 17179869184.00 GB
CompressedClassSpaceSize: 1.00 GB
Initial GC threshold: 20.80 MB
Current GC threshold: 98.88 MB
CDS: off

CodeHeap 'non-profiled nmethods': size=120000Kb used=6838Kb max_used=6838Kb free=113161Kb
 bounds [0x0000011639eb0000, 0x000001163a560000, 0x00000116413e0000]
CodeHeap 'profiled nmethods': size=120000Kb used=38413Kb max_used=38413Kb free=81586Kb
 bounds [0x0000011632980000, 0x0000011634f10000, 0x0000011639eb0000]
CodeHeap 'non-nmethods': size=5760Kb used=1312Kb max_used=1369Kb free=4448Kb
 bounds [0x00000116323e0000, 0x0000011632650000, 0x0000011632980000]
 total_blobs=12840 nmethods=12248 adapters=502
 compilation: enabled
              stopped_count=0, restarted_count=0
 full_count=0

Compilation events (20 events):
Event: 57.439 Thread 0x000001164cff7000 nmethod 12552 0x000001163a55c510 code [0x000001163a55c780, 0x000001163a55cd10]
Event: 57.439 Thread 0x000001164cff7000 12547       4       kotlin.collections.ArraysKt___ArraysKt::contains (20 bytes)
Event: 57.441 Thread 0x000001164cff7000 nmethod 12547 0x000001163a55d510 code [0x000001163a55d6a0, 0x000001163a55d7b8]
Event: 57.538 Thread 0x000001164d05e800 12553       3       org.jetbrains.kotlin.com.intellij.util.text.LiteralFormatUtil::removeUnderscores (24 bytes)
Event: 57.538 Thread 0x000001164d05e800 nmethod 12553 0x0000011634ef6810 code [0x0000011634ef69e0, 0x0000011634ef6be8]
Event: 57.538 Thread 0x000001164d05e800 12554       3       org.jetbrains.kotlin.com.intellij.openapi.util.text.StringUtil::strip (88 bytes)
Event: 57.540 Thread 0x000001164cff7000 12555       4       org.jetbrains.kotlin.types.AbstractNullabilityChecker::hasNotNullSupertype (468 bytes)
Event: 57.541 Thread 0x000001164d05e800 nmethod 12554 0x0000011634ef6d10 code [0x0000011634ef7020, 0x0000011634ef8108]
Event: 57.548 Thread 0x000001164d05e800 12556       3       org.jetbrains.kotlin.com.google.common.collect.LinkedHashMultimap$ValueSet::<init> (55 bytes)
Event: 57.548 Thread 0x000001164d05e800 nmethod 12556 0x0000011634ef8790 code [0x0000011634ef89a0, 0x0000011634ef8f08]
Event: 57.550 Thread 0x000001164d05e800 12557       3       org.jetbrains.kotlin.com.intellij.psi.util.PsiTreeUtil::isAncestor (149 bytes)
Event: 57.551 Thread 0x000001164d05e800 nmethod 12557 0x0000011634ef9090 code [0x0000011634ef9340, 0x0000011634efa618]
Event: 57.579 Thread 0x000001164d05e800 12561       3       org.jetbrains.kotlin.resolve.calls.tower.KotlinResolutionStatelessCallbacksImpl::createConstraintSystemForOverloadResolution (59 bytes)
Event: 57.582 Thread 0x000001164d05e800 nmethod 12561 0x0000011634efa890 code [0x0000011634efacc0, 0x0000011634efc808]
Event: 57.582 Thread 0x000001164d05e800 12562       3       org.jetbrains.kotlin.resolve.calls.inference.model.Constraint::<init> (41 bytes)
Event: 57.582 Thread 0x000001164d05e800 nmethod 12562 0x0000011634efd210 code [0x0000011634efd3e0, 0x0000011634efd6d8]
Event: 57.616 Thread 0x000001164d05e800 12564       3       org.jetbrains.kotlin.resolve.checkers.PrimitiveNumericComparisonCallChecker::promoteIntegerTypeToIntIfRequired (72 bytes)
Event: 57.620 Thread 0x000001164d05e800 nmethod 12564 0x0000011634efd810 code [0x0000011634efdea0, 0x0000011634f01048]
Event: 57.620 Thread 0x000001164d05e800 12565       3       org.jetbrains.kotlin.types.typeUtil.TypeUtilsKt::isPrimitiveNumberType (26 bytes)
Event: 57.622 Thread 0x000001164d05e800 nmethod 12565 0x0000011634f02010 code [0x0000011634f02320, 0x0000011634f031a8]

GC Heap History (18 events):
Event: 2.175 GC heap before
{Heap before GC invocations=0 (full 0):
 garbage-first heap   total 229376K, used 27648K [0x0000000720c00000, 0x0000000800000000)
  region size 1024K, 24 young (24576K), 0 survivors (0K)
 Metaspace       used 12404K, capacity 12504K, committed 12800K, reserved 1060864K
  class space    used 1150K, capacity 1207K, committed 1280K, reserved 1048576K
}
Event: 2.181 GC heap after
{Heap after GC invocations=1 (full 0):
 garbage-first heap   total 229376K, used 5823K [0x0000000720c00000, 0x0000000800000000)
  region size 1024K, 3 young (3072K), 3 survivors (3072K)
 Metaspace       used 12404K, capacity 12504K, committed 12800K, reserved 1060864K
  class space    used 1150K, capacity 1207K, committed 1280K, reserved 1048576K
}
Event: 3.826 GC heap before
{Heap before GC invocations=1 (full 0):
 garbage-first heap   total 229376K, used 41663K [0x0000000720c00000, 0x0000000800000000)
  region size 1024K, 39 young (39936K), 3 survivors (3072K)
 Metaspace       used 21031K, capacity 21182K, committed 21248K, reserved 1069056K
  class space    used 2213K, capacity 2280K, committed 2304K, reserved 1048576K
}
Event: 3.844 GC heap after
{Heap after GC invocations=2 (full 0):
 garbage-first heap   total 229376K, used 9353K [0x0000000720c00000, 0x0000000800000000)
  region size 1024K, 7 young (7168K), 7 survivors (7168K)
 Metaspace       used 21031K, capacity 21182K, committed 21248K, reserved 1069056K
  class space    used 2213K, capacity 2280K, committed 2304K, reserved 1048576K
}
Event: 8.809 GC heap before
{Heap before GC invocations=3 (full 0):
 garbage-first heap   total 229376K, used 64649K [0x0000000720c00000, 0x0000000800000000)
  region size 1024K, 56 young (57344K), 7 survivors (7168K)
 Metaspace       used 32923K, capacity 33375K, committed 33532K, reserved 1079296K
  class space    used 4065K, capacity 4246K, committed 4348K, reserved 1048576K
}
Event: 8.823 GC heap after
{Heap after GC invocations=4 (full 0):
 garbage-first heap   total 229376K, used 20865K [0x0000000720c00000, 0x0000000800000000)
  region size 1024K, 7 young (7168K), 7 survivors (7168K)
 Metaspace       used 32923K, capacity 33375K, committed 33532K, reserved 1079296K
  class space    used 4065K, capacity 4246K, committed 4348K, reserved 1048576K
}
Event: 9.205 GC heap before
{Heap before GC invocations=4 (full 0):
 garbage-first heap   total 229376K, used 24961K [0x0000000720c00000, 0x0000000800000000)
  region size 1024K, 11 young (11264K), 7 survivors (7168K)
 Metaspace       used 34188K, capacity 34591K, committed 34940K, reserved 1079296K
  class space    used 4201K, capacity 4374K, committed 4476K, reserved 1048576K
}
Event: 9.215 GC heap after
{Heap after GC invocations=5 (full 0):
 garbage-first heap   total 229376K, used 22207K [0x0000000720c00000, 0x0000000800000000)
  region size 1024K, 1 young (1024K), 1 survivors (1024K)
 Metaspace       used 34188K, capacity 34591K, committed 34940K, reserved 1079296K
  class space    used 4201K, capacity 4374K, committed 4476K, reserved 1048576K
}
Event: 9.980 GC heap before
{Heap before GC invocations=5 (full 0):
 garbage-first heap   total 229376K, used 29375K [0x0000000720c00000, 0x0000000800000000)
  region size 1024K, 9 young (9216K), 1 survivors (1024K)
 Metaspace       used 35460K, capacity 35882K, committed 36048K, reserved 1081344K
  class space    used 4332K, capacity 4506K, committed 4604K, reserved 1048576K
}
Event: 9.982 GC heap after
{Heap after GC invocations=6 (full 0):
 garbage-first heap   total 229376K, used 20680K [0x0000000720c00000, 0x0000000800000000)
  region size 1024K, 2 young (2048K), 2 survivors (2048K)
 Metaspace       used 35460K, capacity 35882K, committed 36048K, reserved 1081344K
  class space    used 4332K, capacity 4506K, committed 4604K, reserved 1048576K
}
Event: 17.809 GC heap before
{Heap before GC invocations=7 (full 0):
 garbage-first heap   total 229376K, used 108744K [0x0000000720c00000, 0x0000000800000000)
  region size 1024K, 85 young (87040K), 2 survivors (2048K)
 Metaspace       used 48843K, capacity 49359K, committed 49744K, reserved 1093632K
  class space    used 5636K, capacity 5869K, committed 6012K, reserved 1048576K
}
Event: 17.824 GC heap after
{Heap after GC invocations=8 (full 0):
 garbage-first heap   total 229376K, used 32618K [0x0000000720c00000, 0x0000000800000000)
  region size 1024K, 11 young (11264K), 11 survivors (11264K)
 Metaspace       used 48843K, capacity 49359K, committed 49744K, reserved 1093632K
  class space    used 5636K, capacity 5869K, committed 6012K, reserved 1048576K
}
Event: 24.060 GC heap before
{Heap before GC invocations=8 (full 0):
 garbage-first heap   total 229376K, used 103274K [0x0000000720c00000, 0x0000000800000000)
  region size 1024K, 81 young (82944K), 11 survivors (11264K)
 Metaspace       used 59666K, capacity 60435K, committed 60496K, reserved 1101824K
  class space    used 6912K, capacity 7237K, committed 7292K, reserved 1048576K
}
Event: 24.131 GC heap after
{Heap after GC invocations=9 (full 0):
 garbage-first heap   total 229376K, used 41005K [0x0000000720c00000, 0x0000000800000000)
  region size 1024K, 9 young (9216K), 9 survivors (9216K)
 Metaspace       used 59666K, capacity 60435K, committed 60496K, reserved 1101824K
  class space    used 6912K, capacity 7237K, committed 7292K, reserved 1048576K
}
Event: 28.734 GC heap before
{Heap before GC invocations=10 (full 0):
 garbage-first heap   total 229376K, used 131117K [0x0000000720c00000, 0x0000000800000000)
  region size 1024K, 97 young (99328K), 9 survivors (9216K)
 Metaspace       used 63471K, capacity 64266K, committed 64464K, reserved 1105920K
  class space    used 7219K, capacity 7552K, committed 7676K, reserved 1048576K
}
Event: 28.763 GC heap after
{Heap after GC invocations=11 (full 0):
 garbage-first heap   total 229376K, used 54109K [0x0000000720c00000, 0x0000000800000000)
  region size 1024K, 13 young (13312K), 13 survivors (13312K)
 Metaspace       used 63471K, capacity 64266K, committed 64464K, reserved 1105920K
  class space    used 7219K, capacity 7552K, committed 7676K, reserved 1048576K
}
Event: 44.110 GC heap before
{Heap before GC invocations=11 (full 0):
 garbage-first heap   total 229376K, used 148317K [0x0000000720c00000, 0x0000000800000000)
  region size 1024K, 102 young (104448K), 13 survivors (13312K)
 Metaspace       used 69191K, capacity 70107K, committed 70224K, reserved 1112064K
  class space    used 7633K, capacity 7988K, committed 8060K, reserved 1048576K
}
Event: 44.138 GC heap after
{Heap after GC invocations=12 (full 0):
 garbage-first heap   total 229376K, used 66338K [0x0000000720c00000, 0x0000000800000000)
  region size 1024K, 10 young (10240K), 10 survivors (10240K)
 Metaspace       used 69191K, capacity 70107K, committed 70224K, reserved 1112064K
  class space    used 7633K, capacity 7988K, committed 8060K, reserved 1048576K
}

Deoptimization events (20 events):
Event: 54.056 Thread 0x0000011629c60800 Uncommon trap: trap_request=0xffffffc6 fr.pc=0x000001163a3a58dc relative=0x000000000000463c
Event: 54.056 Thread 0x0000011629c60800 Uncommon trap: reason=bimorphic_or_optimized_type_check action=maybe_recompile pc=0x000001163a3a58dc method=org.jetbrains.kotlin.resolve.calls.model.SimpleCandidateFactory.getExplicitDispatchReceiver(Lorg/jetbrains/kotlin/resolve/calls/model/KotlinCall;Lo
Event: 54.056 Thread 0x0000011629c60800 DEOPT PACKING pc=0x000001163a3a58dc sp=0x0000000601cef2a0
Event: 54.056 Thread 0x0000011629c60800 DEOPT UNPACKING pc=0x000001163242a1af sp=0x0000000601cef178 mode 2
Event: 54.238 Thread 0x0000011629c60800 Uncommon trap: trap_request=0xffffffde fr.pc=0x000001163a4ddde0 relative=0x0000000000002960
Event: 54.238 Thread 0x0000011629c60800 Uncommon trap: reason=class_check action=maybe_recompile pc=0x000001163a4ddde0 method=org.jetbrains.kotlin.resolve.checkers.ExperimentalUsageChecker$Companion.loadExperimentalities(Lorg/jetbrains/kotlin/descriptors/DeclarationDescriptor;Lorg/jetbrains/kot
Event: 54.238 Thread 0x0000011629c60800 DEOPT PACKING pc=0x000001163a4ddde0 sp=0x0000000601cf4cc0
Event: 54.238 Thread 0x0000011629c60800 DEOPT UNPACKING pc=0x000001163242a1af sp=0x0000000601cf4c48 mode 2
Event: 54.240 Thread 0x0000011629c60800 Uncommon trap: trap_request=0xffffffde fr.pc=0x000001163a4ddde0 relative=0x0000000000002960
Event: 54.240 Thread 0x0000011629c60800 Uncommon trap: reason=class_check action=maybe_recompile pc=0x000001163a4ddde0 method=org.jetbrains.kotlin.resolve.checkers.ExperimentalUsageChecker$Companion.loadExperimentalities(Lorg/jetbrains/kotlin/descriptors/DeclarationDescriptor;Lorg/jetbrains/kot
Event: 54.240 Thread 0x0000011629c60800 DEOPT PACKING pc=0x000001163a4ddde0 sp=0x0000000601cf4cc0
Event: 54.240 Thread 0x0000011629c60800 DEOPT UNPACKING pc=0x000001163242a1af sp=0x0000000601cf4c48 mode 2
Event: 54.442 Thread 0x0000011629c60800 Uncommon trap: trap_request=0xffffffc6 fr.pc=0x000001163a3a58dc relative=0x000000000000463c
Event: 54.442 Thread 0x0000011629c60800 Uncommon trap: reason=bimorphic_or_optimized_type_check action=maybe_recompile pc=0x000001163a3a58dc method=org.jetbrains.kotlin.resolve.calls.model.SimpleCandidateFactory.getExplicitDispatchReceiver(Lorg/jetbrains/kotlin/resolve/calls/model/KotlinCall;Lo
Event: 54.442 Thread 0x0000011629c60800 DEOPT PACKING pc=0x000001163a3a58dc sp=0x0000000601cf1dc0
Event: 54.442 Thread 0x0000011629c60800 DEOPT UNPACKING pc=0x000001163242a1af sp=0x0000000601cf1c98 mode 2
Event: 55.357 Thread 0x0000011629c60800 Uncommon trap: trap_request=0xffffff4d fr.pc=0x000001163a3e4b74 relative=0x0000000000000614
Event: 55.357 Thread 0x0000011629c60800 Uncommon trap: reason=unstable_if action=reinterpret pc=0x000001163a3e4b74 method=org.jetbrains.kotlin.resolve.calls.util.CallUtilKt.getCall(Lorg/jetbrains/kotlin/psi/KtElement;Lorg/jetbrains/kotlin/resolve/BindingContext;)Lorg/jetbrains/kotlin/psi/Call; 
Event: 55.357 Thread 0x0000011629c60800 DEOPT PACKING pc=0x000001163a3e4b74 sp=0x0000000601cfc790
Event: 55.357 Thread 0x0000011629c60800 DEOPT UNPACKING pc=0x000001163242a1af sp=0x0000000601cfc708 mode 2

Classes redefined (0 events):
No events

Internal exceptions (20 events):
Event: 21.766 Thread 0x0000011629c60800 Exception <a 'java/lang/NoSuchMethodError'{0x000000072c1d1560}: 'java.lang.Object java.lang.invoke.Invokers$Holder.linkToTargetMethod(java.lang.Object, java.lang.Object, java.lang.Object, int, java.lang.Object)'> (0x000000072c1d1560) thrown at [./src/hotspot/share/interpreter/linkResolver.cpp, line 773]
Event: 21.880 Thread 0x0000011629c60800 Exception <a 'java/lang/NoSuchMethodError'{0x000000072bf1af30}: 'void java.lang.invoke.DirectMethodHandle$Holder.invokeInterface(java.lang.Object, java.lang.Object)'> (0x000000072bf1af30) thrown at [./src/hotspot/share/interpreter/linkResolver.cpp, line 773]
Event: 22.317 Thread 0x0000011629c60800 Exception <a 'java/lang/NoSuchMethodError'{0x000000072b2d4cc8}: 'java.lang.Object java.lang.invoke.DirectMethodHandle$Holder.invokeStaticInit(java.lang.Object, java.lang.Object, java.lang.Object)'> (0x000000072b2d4cc8) thrown at [./src/hotspot/share/interpreter/linkResolver.cpp, line 773]
Event: 22.363 Thread 0x0000011629c60800 Exception <a 'java/lang/NoSuchMethodError'{0x000000072b1a9ee8}: 'int java.lang.invoke.DirectMethodHandle$Holder.invokeStatic(java.lang.Object, java.lang.Object, java.lang.Object, java.lang.Object, java.lang.Object)'> (0x000000072b1a9ee8) thrown at [./src/hotspot/share/interpreter/linkResolver.cpp, line 773]
Event: 24.338 Thread 0x0000011629c60800 Exception <a 'java/lang/NoSuchMethodError'{0x000000072e9b74c8}: 'int java.lang.invoke.DirectMethodHandle$Holder.invokeStaticInit(java.lang.Object, int)'> (0x000000072e9b74c8) thrown at [./src/hotspot/share/interpreter/linkResolver.cpp, line 773]
Event: 25.474 Thread 0x0000011629c60800 Exception <a 'java/lang/NoSuchMethodError'{0x000000072de047d0}: 'int java.lang.invoke.DirectMethodHandle$Holder.invokeInterface(java.lang.Object, java.lang.Object)'> (0x000000072de047d0) thrown at [./src/hotspot/share/interpreter/linkResolver.cpp, line 773]
Event: 25.665 Thread 0x0000011629c60800 Exception <a 'java/lang/NoSuchMethodError'{0x000000072dbea300}: 'java.lang.Object java.lang.invoke.DirectMethodHandle$Holder.invokeStatic(java.lang.Object, int, java.lang.Object, java.lang.Object)'> (0x000000072dbea300) thrown at [./src/hotspot/share/interpreter/linkResolver.cpp, line 773]
Event: 25.668 Thread 0x0000011629c60800 Exception <a 'java/lang/NoSuchMethodError'{0x000000072dbf1ac8}: 'java.lang.Object java.lang.invoke.DirectMethodHandle$Holder.invokeStatic(java.lang.Object, int, java.lang.Object)'> (0x000000072dbf1ac8) thrown at [./src/hotspot/share/interpreter/linkResolver.cpp, line 773]
Event: 28.152 Thread 0x0000011629c60800 Exception <a 'java/lang/NoSuchMethodError'{0x0000000729c21a48}: 'java.lang.Object java.lang.invoke.DirectMethodHandle$Holder.invokeInterface(java.lang.Object, java.lang.Object, java.lang.Object)'> (0x0000000729c21a48) thrown at [./src/hotspot/share/interpreter/linkResolver.cpp, line 773]
Event: 28.152 Thread 0x0000011629c60800 Exception <a 'java/lang/IncompatibleClassChangeError'{0x0000000729c24c78}: Found class java.lang.Object, but interface was expected> (0x0000000729c24c78) thrown at [./src/hotspot/share/interpreter/linkResolver.cpp, line 839]
Event: 28.319 Thread 0x0000011629c60800 Exception <a 'java/lang/NoSuchMethodError'{0x0000000729109978}: 'java.lang.Object java.lang.invoke.Invokers$Holder.linkToTargetMethod(java.lang.Object, java.lang.Object, java.lang.Object, java.lang.Object, java.lang.Object, java.lang.Object, java.lang.Object)'> (0x0000000729109978) thrown at [./src/hotspot/share/interpreter/linkResolver.cpp, line 773]
Event: 28.460 Thread 0x0000011629c60800 Implicit null exception at 0x000001163a21440b to 0x000001163a21705c
Event: 28.722 Thread 0x0000011629c60800 Implicit null exception at 0x000001163a229e0b to 0x000001163a22a248
Event: 29.289 Thread 0x0000011629c60800 Implicit null exception at 0x000001163a1c829c to 0x000001163a1c95f8
Event: 29.757 Thread 0x0000011629c60800 Exception <a 'java/lang/NoSuchMethodError'{0x000000072e2a8c88}: 'java.lang.Object java.lang.invoke.Invokers$Holder.linkToTargetMethod(java.lang.Object, java.lang.Object, java.lang.Object, int, int, java.lang.Object)'> (0x000000072e2a8c88) thrown at [./src/hotspot/share/interpreter/linkResolver.cpp, line 773]
Event: 32.331 Thread 0x0000011629c60800 Implicit null exception at 0x0000011639f0acf5 to 0x0000011639f0aee4
Event: 34.069 Thread 0x0000011629c60800 Implicit null exception at 0x000001163a273ce8 to 0x000001163a276018
Event: 39.501 Thread 0x0000011629c60800 Implicit null exception at 0x000001163a1ed176 to 0x000001163a1ed43c
Event: 39.997 Thread 0x0000011629c60800 Implicit null exception at 0x000001163a315777 to 0x000001163a315e04
Event: 40.028 Thread 0x0000011629c60800 Implicit null exception at 0x000001163a334374 to 0x000001163a334a0c

Events (20 events):
Event: 54.386 Thread 0x000001164d061800 flushing nmethod 0x0000011632981310
Event: 54.386 Thread 0x000001164d061800 flushing nmethod 0x0000011632989290
Event: 54.386 Thread 0x000001164d061800 flushing nmethod 0x0000011632989690
Event: 54.386 Thread 0x000001164d061800 flushing nmethod 0x0000011632995710
Event: 54.390 Thread 0x000001164d061800 flushing nmethod 0x0000011632dd0410
Event: 54.390 Thread 0x000001164d061800 flushing nmethod 0x0000011632dd5410
Event: 54.390 Thread 0x000001164d061800 flushing nmethod 0x0000011632dd9890
Event: 54.390 Thread 0x000001164d061800 flushing nmethod 0x0000011632ddc610
Event: 54.390 Thread 0x000001164d061800 flushing nmethod 0x0000011632ddf110
Event: 54.393 Thread 0x000001164d061800 flushing nmethod 0x0000011633149d10
Event: 54.889 Executing VM operation: ICBufferFull
Event: 54.890 Executing VM operation: ICBufferFull done
Event: 55.027 loading class org/jetbrains/kotlin/resolve/calls/smartcasts/IdentifierInfo$EnumEntry
Event: 55.027 loading class org/jetbrains/kotlin/resolve/calls/smartcasts/IdentifierInfo$EnumEntry done
Event: 55.501 loading class org/jetbrains/kotlin/cfg/WhenOnNullableExhaustivenessChecker
Event: 55.501 loading class org/jetbrains/kotlin/cfg/WhenOnNullableExhaustivenessChecker done
Event: 55.502 loading class org/jetbrains/kotlin/cfg/WhenOnExpectExhaustivenessChecker
Event: 55.502 loading class org/jetbrains/kotlin/cfg/WhenOnExpectExhaustivenessChecker done
Event: 56.082 loading class org/jetbrains/kotlin/resolve/calls/tower/InvokeConventionCallNoOperatorModifier
Event: 56.082 loading class org/jetbrains/kotlin/resolve/calls/tower/InvokeConventionCallNoOperatorModifier done


Dynamic libraries:
0x00007ff6170c0000 - 0x00007ff6170cd000 	C:\Program Files\Microsoft\jdk-11.0.18.10-hotspot\bin\java.exe
0x00007ffc1f5f0000 - 0x00007ffc1f7e8000 	C:\WINDOWS\SYSTEM32\ntdll.dll
0x00007ffc1d860000 - 0x00007ffc1d91d000 	C:\WINDOWS\System32\KERNEL32.DLL
0x00007ffc1d090000 - 0x00007ffc1d35e000 	C:\WINDOWS\System32\KERNELBASE.dll
0x00007ffc1d550000 - 0x00007ffc1d650000 	C:\WINDOWS\System32\ucrtbase.dll
0x00007ffc0bf30000 - 0x00007ffc0bf47000 	C:\Program Files\Microsoft\jdk-11.0.18.10-hotspot\bin\jli.dll
0x00007ffc1e6c0000 - 0x00007ffc1e860000 	C:\WINDOWS\System32\USER32.dll
0x00007ffc1d470000 - 0x00007ffc1d492000 	C:\WINDOWS\System32\win32u.dll
0x00007ffc1d970000 - 0x00007ffc1d99a000 	C:\WINDOWS\System32\GDI32.dll
0x00007ffc1d360000 - 0x00007ffc1d46b000 	C:\WINDOWS\System32\gdi32full.dll
0x00007ffc1cd10000 - 0x00007ffc1cdad000 	C:\WINDOWS\System32\msvcp_win.dll
0x00007ffc04380000 - 0x00007ffc04395000 	C:\Program Files\Microsoft\jdk-11.0.18.10-hotspot\bin\VCRUNTIME140.dll
0x00007ffbff250000 - 0x00007ffbff4ea000 	C:\WINDOWS\WinSxS\amd64_microsoft.windows.common-controls_6595b64144ccf1df_6.0.19041.1110_none_60b5254171f9507e\COMCTL32.dll
0x00007ffc1da20000 - 0x00007ffc1dabe000 	C:\WINDOWS\System32\msvcrt.dll
0x00007ffc1d940000 - 0x00007ffc1d970000 	C:\WINDOWS\System32\IMM32.DLL
0x00007ffbf2b00000 - 0x00007ffbf2b9b000 	C:\Program Files\Microsoft\jdk-11.0.18.10-hotspot\bin\msvcp140.dll
0x00007ffbbfdf0000 - 0x00007ffbc0982000 	C:\Program Files\Microsoft\jdk-11.0.18.10-hotspot\bin\server\jvm.dll
0x00007ffc1e5a0000 - 0x00007ffc1e64e000 	C:\WINDOWS\System32\ADVAPI32.dll
0x00007ffc1ea10000 - 0x00007ffc1eaac000 	C:\WINDOWS\System32\sechost.dll
0x00007ffc1d650000 - 0x00007ffc1d775000 	C:\WINDOWS\System32\RPCRT4.dll
0x00007ffc1e650000 - 0x00007ffc1e658000 	C:\WINDOWS\System32\PSAPI.DLL
0x00007ffc15870000 - 0x00007ffc15879000 	C:\WINDOWS\SYSTEM32\WSOCK32.dll
0x00007ffc1e1c0000 - 0x00007ffc1e22b000 	C:\WINDOWS\System32\WS2_32.dll
0x00007ffc0fa80000 - 0x00007ffc0faa7000 	C:\WINDOWS\SYSTEM32\WINMM.dll
0x00007ffc15060000 - 0x00007ffc1506a000 	C:\WINDOWS\SYSTEM32\VERSION.dll
0x00007ffc1abe0000 - 0x00007ffc1abf2000 	C:\WINDOWS\SYSTEM32\kernel.appcore.dll
0x00007ffc0e9b0000 - 0x00007ffc0e9c0000 	C:\Program Files\Microsoft\jdk-11.0.18.10-hotspot\bin\verify.dll
0x00007ffc15af0000 - 0x00007ffc15cd4000 	C:\WINDOWS\SYSTEM32\DBGHELP.DLL
0x00007ffc0c860000 - 0x00007ffc0c88c000 	C:\WINDOWS\SYSTEM32\dbgcore.DLL
0x00007ffc1cfb0000 - 0x00007ffc1d032000 	C:\WINDOWS\System32\bcryptPrimitives.dll
0x00007ffc042f0000 - 0x00007ffc04318000 	C:\Program Files\Microsoft\jdk-11.0.18.10-hotspot\bin\java.dll
0x00007ffc0e7a0000 - 0x00007ffc0e7aa000 	C:\Program Files\Microsoft\jdk-11.0.18.10-hotspot\bin\jimage.dll
0x00007ffc040c0000 - 0x00007ffc040d8000 	C:\Program Files\Microsoft\jdk-11.0.18.10-hotspot\bin\zip.dll
0x00007ffc1eb80000 - 0x00007ffc1f2c3000 	C:\WINDOWS\System32\SHELL32.dll
0x00007ffc1ade0000 - 0x00007ffc1b575000 	C:\WINDOWS\SYSTEM32\windows.storage.dll
0x00007ffc1e230000 - 0x00007ffc1e584000 	C:\WINDOWS\System32\combase.dll
0x00007ffc1c5c0000 - 0x00007ffc1c5f0000 	C:\WINDOWS\SYSTEM32\Wldp.dll
0x00007ffc1f500000 - 0x00007ffc1f5ad000 	C:\WINDOWS\System32\SHCORE.dll
0x00007ffc1f4a0000 - 0x00007ffc1f4f5000 	C:\WINDOWS\System32\shlwapi.dll
0x00007ffc1cc50000 - 0x00007ffc1cc6f000 	C:\WINDOWS\SYSTEM32\profapi.dll
0x00007ffc03330000 - 0x00007ffc03349000 	C:\Program Files\Microsoft\jdk-11.0.18.10-hotspot\bin\net.dll
0x00007ffc17f90000 - 0x00007ffc1809a000 	C:\WINDOWS\SYSTEM32\WINHTTP.dll
0x00007ffc1c3a0000 - 0x00007ffc1c40a000 	C:\WINDOWS\system32\mswsock.dll
0x00007ffc03130000 - 0x00007ffc03143000 	C:\Program Files\Microsoft\jdk-11.0.18.10-hotspot\bin\nio.dll

dbghelp: loaded successfully - version: 4.0.5 - missing functions: none
symbol engine: initialized successfully - sym options: 0x614 - pdb path: .;C:\Program Files\Microsoft\jdk-11.0.18.10-hotspot\bin;C:\WINDOWS\SYSTEM32;C:\WINDOWS\WinSxS\amd64_microsoft.windows.common-controls_6595b64144ccf1df_6.0.19041.1110_none_60b5254171f9507e;C:\Program Files\Microsoft\jdk-11.0.18.10-hotspot\bin\server

VM Arguments:
java_command: org.jetbrains.kotlin.cli.jvm.K2JVMCompiler @D:\react-native-projects\navigation\node_modules\react-native-gesture-handler\android\build\20230630_6866616173837620968.compiler.options
java_class_path (initial): C:\Users\art17\.gradle\caches\modules-2\files-2.1\org.jetbrains.kotlin\kotlin-compiler-embeddable\1.6.21\97bdd5a752ce73b58ef16c17bc7f0ea2faff7a2e\kotlin-compiler-embeddable-1.6.21.jar;C:\Users\art17\.gradle\caches\modules-2\files-2.1\org.jetbrains.kotlin\kotlin-reflect\1.6.21\5dc3574d9b7bebfcb4ec6b10ada4aaa9e140bd0b\kotlin-reflect-1.6.21.jar;C:\Users\art17\.gradle\caches\modules-2\files-2.1\org.jetbrains.kotlin\kotlin-stdlib\1.6.21\11ef67f1900634fd951bad28c53ec957fabbe5b8\kotlin-stdlib-1.6.21.jar;C:\Users\art17\.gradle\caches\modules-2\files-2.1\org.jetbrains.kotlin\kotlin-script-runtime\1.6.21\99c6675100da5d6d5b1c5a1032f27f28008d101b\kotlin-script-runtime-1.6.21.jar;C:\Users\art17\.gradle\caches\modules-2\files-2.1\org.jetbrains.kotlin\kotlin-daemon-embeddable\1.6.21\46b78cf392e1c4f10854c3cadba44abb7b82250f\kotlin-daemon-embeddable-1.6.21.jar;C:\Users\art17\.gradle\caches\modules-2\files-2.1\org.jetbrains.intellij.deps\trove4j\1.0.20200330\3afb14d5f9ceb459d724e907a21145e8ff394f02\trove4j-1.0.20200330.jar;C:\Users\art17\.gradle\caches\modules-2\files-2.1\net.java.dev.jna\jna\5.6.0\330f2244e9030119ab3030fc3fededc86713d9cc\jna-5.6.0.jar;C:\Users\art17\.gradle\caches\modules-2\files-2.1\org.jetbrains.kotlin\kotlin-stdlib-common\1.6.21\5e5b55c26dbc80372a920aef60eb774b714559b8\kotlin-stdlib-common-1.6.21.jar;C:\Users\art17\.gradle\caches\modules-2\files-2.1\org.jetbrains\annotations\13.0\919f0dfe192fb4e063e7dacadee7f8bb9a2672a9\annotations-13.0.jar
Launcher Type: SUN_STANDARD

[Global flags]
     intx CICompilerCount                          = 4                                         {product} {ergonomic}
     uint ConcGCThreads                            = 2                                         {product} {ergonomic}
     uint G1ConcRefinementThreads                  = 8                                         {product} {ergonomic}
   size_t G1HeapRegionSize                         = 1048576                                   {product} {ergonomic}
    uintx GCDrainStackTargetSize                   = 64                                        {product} {ergonomic}
   size_t InitialHeapSize                          = 234881024                                 {product} {ergonomic}
   size_t MarkStackSize                            = 4194304                                   {product} {ergonomic}
   size_t MaxHeapSize                              = 3745513472                                {product} {ergonomic}
   size_t MaxNewSize                               = 2247098368                                {product} {ergonomic}
   size_t MinHeapDeltaBytes                        = 1048576                                   {product} {ergonomic}
    uintx NonNMethodCodeHeapSize                   = 5836300                                {pd product} {ergonomic}
    uintx NonProfiledCodeHeapSize                  = 122910970                              {pd product} {ergonomic}
    uintx ProfiledCodeHeapSize                     = 122910970                              {pd product} {ergonomic}
    uintx ReservedCodeCacheSize                    = 251658240                              {pd product} {ergonomic}
     bool SegmentedCodeCache                       = true                                      {product} {ergonomic}
     bool UseCompressedClassPointers               = true                                 {lp64_product} {ergonomic}
     bool UseCompressedOops                        = true                                 {lp64_product} {ergonomic}
     bool UseG1GC                                  = true                                      {product} {ergonomic}
     bool UseLargePagesIndividualAllocation        = false                                  {pd product} {ergonomic}

Logging:
Log output configuration:
 #0: stdout all=warning uptime,level,tags
 #1: stderr all=off uptime,level,tags

Environment Variables:
JAVA_HOME=C:\Program Files\Microsoft\jdk-11.0.18.10-hotspot\
CLASSPATH=D:\react-native-projects\navigation\android\\gradle\wrapper\gradle-wrapper.jar
PATH=D:\react-native-projects\navigation\node_modules\.bin;D:\react-native-projects\node_modules\.bin;D:\node_modules\.bin;C:\Users\art17\AppData\Roaming\npm\node_modules\npm\node_modules\@npmcli\run-script\lib\node-gyp-bin;C:\Program Files\Microsoft\jdk-11.0.18.10-hotspot\bin;C:\Program Files (x86)\Razer Chroma SDK\bin;C:\Program Files\Razer Chroma SDK\bin;C:\Program Files (x86)\Common Files\Oracle\Java\javapath;C:\Program Files (x86)\Razer\ChromaBroadcast\bin;C:\Program Files\Razer\ChromaBroadcast\bin;C:\WINDOWS\system32;C:\WINDOWS;C:\WINDOWS\System32\Wbem;C:\WINDOWS\System32\WindowsPowerShell\v1.0\;C:\WINDOWS\System32\OpenSSH\;C:\WINDOWS\system32\config\systemprofile\AppData\Local\Microsoft\WindowsApps;C:\Program Files\Git\cmd;C:\Program Files (x86)\PuTTY\;C:\Program Files\nodejs\;C:\ProgramData\chocolatey\bin;C:\Users\art17\AppData\Local\Microsoft\WindowsApps;C:\Users\art17\AppData\Local\spicetify;C:\Users\art17\AppData\Roaming\npm;C:\Users\art17\AppData\Local\Programs\Microsoft VS Code\bin;C:\Program Files\Microsoft\jdk-11.0.18.10-hotspot\\bin;C:\Users\art17\AppData\Local\Android\Sdk;C:\Users\art17\AppData\Local\Android\Sdk\platform-tools;C:\Users\art17\AppData\Local\Android\Sdk\watchman;;D:\react-native-projects\navigation\node_modules\.bin
USERNAME=art17
OS=Windows_NT
PROCESSOR_IDENTIFIER=AMD64 Family 23 Model 17 Stepping 0, AuthenticAMD
TMP=C:\Users\art17\AppData\Local\Temp
TEMP=C:\Users\art17\AppData\Local\Temp



---------------  S Y S T E M  ---------------

OS: Windows 10 , 64 bit Build 19041 (10.0.19041.1889)
OS uptime: 4 days 18:01 hours
Hyper-V role detected

CPU:total 8 (initial active 8) (8 cores per cpu, 2 threads per core) family 23 model 17 stepping 0 microcode 0x0, cmov, cx8, fxsr, mmx, sse, sse2, sse3, ssse3, sse4.1, sse4.2, popcnt, avx, avx2, aes, clmul, mmxext, 3dnowpref, lzcnt, sse4a, ht, tsc, tscinvbit, tscinv, bmi1, bmi2, adx, sha, fma

Memory: 4k page, system-wide physical 14284M (155M free)
TotalPageFile size 29749M (AvailPageFile size 22M)
current process WorkingSet (physical memory assigned to process): 362M, peak: 370M
current process commit charge ("private bytes"): 466M, peak: 471M

vm_info: OpenJDK 64-Bit Server VM (11.0.18+10-LTS) for windows-amd64 JRE (11.0.18+10-LTS), built on Jan 18 2023 15:56:47 by "MicrosoftCorporation" with MS VC++ 15.9 (VS2017)

END.
